This is pdfTeX, Version 3.14159265-2.6-1.40.20 (MiKTeX 2.9.7200 64-bit) (preloaded format=pdflatex 2019.10.6)  19 FEB 2020 15:26
entering extended mode
**C:/Juan/CREAL/GitHub/dsOmicsClient/vignettes/dsOmics.tex
(C:/Juan/CREAL/GitHub/dsOmicsClient/vignettes/dsOmics.tex
LaTeX2e <2018-12-01>

("C:\Users\jrgonzalez\AppData\Local\Programs\MiKTeX 2.9\tex/latex/base\article.
cls"
Document Class: article 2018/09/03 v1.4i Standard LaTeX document class

("C:\Users\jrgonzalez\AppData\Local\Programs\MiKTeX 2.9\tex/latex/base\size10.c
lo"
File: size10.clo 2018/09/03 v1.4i Standard LaTeX file (size option)
)
\c@part=\count80
\c@section=\count81
\c@subsection=\count82
\c@subsubsection=\count83
\c@paragraph=\count84
\c@subparagraph=\count85
\c@figure=\count86
\c@table=\count87
\abovecaptionskip=\skip41
\belowcaptionskip=\skip42
\bibindent=\dimen102
)
("C:\Users\jrgonzalez\AppData\Local\Programs\MiKTeX 2.9\tex/latex/lm\lmodern.st
y"
Package: lmodern 2009/10/30 v1.6 Latin Modern Fonts
LaTeX Font Info:    Overwriting symbol font `operators' in version `normal'
(Font)                  OT1/cmr/m/n --> OT1/lmr/m/n on input line 22.
LaTeX Font Info:    Overwriting symbol font `letters' in version `normal'
(Font)                  OML/cmm/m/it --> OML/lmm/m/it on input line 23.
LaTeX Font Info:    Overwriting symbol font `symbols' in version `normal'
(Font)                  OMS/cmsy/m/n --> OMS/lmsy/m/n on input line 24.
LaTeX Font Info:    Overwriting symbol font `largesymbols' in version `normal'
(Font)                  OMX/cmex/m/n --> OMX/lmex/m/n on input line 25.
LaTeX Font Info:    Overwriting symbol font `operators' in version `bold'
(Font)                  OT1/cmr/bx/n --> OT1/lmr/bx/n on input line 26.
LaTeX Font Info:    Overwriting symbol font `letters' in version `bold'
(Font)                  OML/cmm/b/it --> OML/lmm/b/it on input line 27.
LaTeX Font Info:    Overwriting symbol font `symbols' in version `bold'
(Font)                  OMS/cmsy/b/n --> OMS/lmsy/b/n on input line 28.
LaTeX Font Info:    Overwriting symbol font `largesymbols' in version `bold'
(Font)                  OMX/cmex/m/n --> OMX/lmex/m/n on input line 29.
LaTeX Font Info:    Overwriting math alphabet `\mathbf' in version `normal'
(Font)                  OT1/cmr/bx/n --> OT1/lmr/bx/n on input line 31.
LaTeX Font Info:    Overwriting math alphabet `\mathsf' in version `normal'
(Font)                  OT1/cmss/m/n --> OT1/lmss/m/n on input line 32.
LaTeX Font Info:    Overwriting math alphabet `\mathit' in version `normal'
(Font)                  OT1/cmr/m/it --> OT1/lmr/m/it on input line 33.
LaTeX Font Info:    Overwriting math alphabet `\mathtt' in version `normal'
(Font)                  OT1/cmtt/m/n --> OT1/lmtt/m/n on input line 34.
LaTeX Font Info:    Overwriting math alphabet `\mathbf' in version `bold'
(Font)                  OT1/cmr/bx/n --> OT1/lmr/bx/n on input line 35.
LaTeX Font Info:    Overwriting math alphabet `\mathsf' in version `bold'
(Font)                  OT1/cmss/bx/n --> OT1/lmss/bx/n on input line 36.
LaTeX Font Info:    Overwriting math alphabet `\mathit' in version `bold'
(Font)                  OT1/cmr/bx/it --> OT1/lmr/bx/it on input line 37.
LaTeX Font Info:    Overwriting math alphabet `\mathtt' in version `bold'
(Font)                  OT1/cmtt/m/n --> OT1/lmtt/m/n on input line 38.
)
("C:\Users\jrgonzalez\AppData\Local\Programs\MiKTeX 2.9\tex/latex/amsfonts\amss
ymb.sty"
Package: amssymb 2013/01/14 v3.01 AMS font symbols

("C:\Users\jrgonzalez\AppData\Local\Programs\MiKTeX 2.9\tex/latex/amsfonts\amsf
onts.sty"
Package: amsfonts 2013/01/14 v3.01 Basic AMSFonts support
\@emptytoks=\toks14
\symAMSa=\mathgroup4
\symAMSb=\mathgroup5
LaTeX Font Info:    Overwriting math alphabet `\mathfrak' in version `bold'
(Font)                  U/euf/m/n --> U/euf/b/n on input line 106.
))
("C:\Users\jrgonzalez\AppData\Local\Programs\MiKTeX 2.9\tex/latex/amsmath\amsma
th.sty"
Package: amsmath 2018/12/01 v2.17b AMS math features
\@mathmargin=\skip43

For additional information on amsmath, use the `?' option.

("C:\Users\jrgonzalez\AppData\Local\Programs\MiKTeX 2.9\tex/latex/amsmath\amste
xt.sty"
Package: amstext 2000/06/29 v2.01 AMS text

("C:\Users\jrgonzalez\AppData\Local\Programs\MiKTeX 2.9\tex/latex/amsmath\amsge
n.sty"
File: amsgen.sty 1999/11/30 v2.0 generic functions
\@emptytoks=\toks15
\ex@=\dimen103
))
("C:\Users\jrgonzalez\AppData\Local\Programs\MiKTeX 2.9\tex/latex/amsmath\amsbs
y.sty"
Package: amsbsy 1999/11/29 v1.2d Bold Symbols
\pmbraise@=\dimen104
)
("C:\Users\jrgonzalez\AppData\Local\Programs\MiKTeX 2.9\tex/latex/amsmath\amsop
n.sty"
Package: amsopn 2016/03/08 v2.02 operator names
)
\inf@bad=\count88
LaTeX Info: Redefining \frac on input line 223.
\uproot@=\count89
\leftroot@=\count90
LaTeX Info: Redefining \overline on input line 385.
\classnum@=\count91
\DOTSCASE@=\count92
LaTeX Info: Redefining \ldots on input line 482.
LaTeX Info: Redefining \dots on input line 485.
LaTeX Info: Redefining \cdots on input line 606.
\Mathstrutbox@=\box27
\strutbox@=\box28
\big@size=\dimen105
LaTeX Font Info:    Redeclaring font encoding OML on input line 729.
LaTeX Font Info:    Redeclaring font encoding OMS on input line 730.
\macc@depth=\count93
\c@MaxMatrixCols=\count94
\dotsspace@=\muskip10
\c@parentequation=\count95
\dspbrk@lvl=\count96
\tag@help=\toks16
\row@=\count97
\column@=\count98
\maxfields@=\count99
\andhelp@=\toks17
\eqnshift@=\dimen106
\alignsep@=\dimen107
\tagshift@=\dimen108
\tagwidth@=\dimen109
\totwidth@=\dimen110
\lineht@=\dimen111
\@envbody=\toks18
\multlinegap=\skip44
\multlinetaggap=\skip45
\mathdisplay@stack=\toks19
LaTeX Info: Redefining \[ on input line 2844.
LaTeX Info: Redefining \] on input line 2845.
)
("C:\Users\jrgonzalez\AppData\Local\Programs\MiKTeX 2.9\tex/generic/ifxetex\ifx
etex.sty"
Package: ifxetex 2010/09/12 v0.6 Provides ifxetex conditional
)
("C:\Users\jrgonzalez\AppData\Local\Programs\MiKTeX 2.9\tex/generic/oberdiek\if
luatex.sty"
Package: ifluatex 2016/05/16 v1.4 Provides the ifluatex switch (HO)
Package ifluatex Info: LuaTeX not detected.
)
("C:\Users\jrgonzalez\AppData\Local\Programs\MiKTeX 2.9\tex/latex/base\fixltx2e
.sty"
Package: fixltx2e 2016/12/29 v2.1a fixes to LaTeX (obsolete)
Applying: [2015/01/01] Old fixltx2e package on input line 46.


Package fixltx2e Warning: fixltx2e is not required with releases after 2015
(fixltx2e)                All fixes are now in the LaTeX kernel.
(fixltx2e)                See the latexrelease package for details.

Already applied: [0000/00/00] Old fixltx2e package on input line 53.
)
("C:\Users\jrgonzalez\AppData\Local\Programs\MiKTeX 2.9\tex/latex/base\fontenc.
sty"
Package: fontenc 2018/08/11 v2.0j Standard LaTeX package

("C:\Users\jrgonzalez\AppData\Local\Programs\MiKTeX 2.9\tex/latex/base\t1enc.de
f"
File: t1enc.def 2018/08/11 v2.0j Standard LaTeX file
LaTeX Font Info:    Redeclaring font encoding T1 on input line 48.
))
("C:\Users\jrgonzalez\AppData\Local\Programs\MiKTeX 2.9\tex/latex/base\inputenc
.sty"
Package: inputenc 2018/08/11 v1.3c Input encoding file
\inpenc@prehook=\toks20
\inpenc@posthook=\toks21
)
("C:\Users\jrgonzalez\AppData\Local\Programs\MiKTeX 2.9\tex/latex/upquote\upquo
te.sty"
Package: upquote 2012/04/19 v1.3 upright-quote and grave-accent glyphs in verba
tim

("C:\Users\jrgonzalez\AppData\Local\Programs\MiKTeX 2.9\tex/latex/base\textcomp
.sty"
Package: textcomp 2018/08/11 v2.0j Standard LaTeX package
Package textcomp Info: Sub-encoding information:
(textcomp)               5 = only ISO-Adobe without \textcurrency
(textcomp)               4 = 5 + \texteuro
(textcomp)               3 = 4 + \textohm
(textcomp)               2 = 3 + \textestimated + \textcurrency
(textcomp)               1 = TS1 - \textcircled - \t
(textcomp)               0 = TS1 (full)
(textcomp)             Font families with sub-encoding setting implement
(textcomp)             only a restricted character set as indicated.
(textcomp)             Family '?' is the default used for unknown fonts.
(textcomp)             See the documentation for details.
Package textcomp Info: Setting ? sub-encoding to TS1/1 on input line 79.

("C:\Users\jrgonzalez\AppData\Local\Programs\MiKTeX 2.9\tex/latex/base\ts1enc.d
ef"
File: ts1enc.def 2001/06/05 v3.0e (jk/car/fm) Standard LaTeX file
Now handling font encoding TS1 ...
... processing UTF-8 mapping file for font encoding TS1

("C:\Users\jrgonzalez\AppData\Local\Programs\MiKTeX 2.9\tex/latex/base\ts1enc.d
fu"
File: ts1enc.dfu 2018/10/05 v1.2f UTF-8 support for inputenc
   defining Unicode char U+00A2 (decimal 162)
   defining Unicode char U+00A3 (decimal 163)
   defining Unicode char U+00A4 (decimal 164)
   defining Unicode char U+00A5 (decimal 165)
   defining Unicode char U+00A6 (decimal 166)
   defining Unicode char U+00A7 (decimal 167)
   defining Unicode char U+00A8 (decimal 168)
   defining Unicode char U+00A9 (decimal 169)
   defining Unicode char U+00AA (decimal 170)
   defining Unicode char U+00AC (decimal 172)
   defining Unicode char U+00AE (decimal 174)
   defining Unicode char U+00AF (decimal 175)
   defining Unicode char U+00B0 (decimal 176)
   defining Unicode char U+00B1 (decimal 177)
   defining Unicode char U+00B2 (decimal 178)
   defining Unicode char U+00B3 (decimal 179)
   defining Unicode char U+00B4 (decimal 180)
   defining Unicode char U+00B5 (decimal 181)
   defining Unicode char U+00B6 (decimal 182)
   defining Unicode char U+00B7 (decimal 183)
   defining Unicode char U+00B9 (decimal 185)
   defining Unicode char U+00BA (decimal 186)
   defining Unicode char U+00BC (decimal 188)
   defining Unicode char U+00BD (decimal 189)
   defining Unicode char U+00BE (decimal 190)
   defining Unicode char U+00D7 (decimal 215)
   defining Unicode char U+00F7 (decimal 247)
   defining Unicode char U+0192 (decimal 402)
   defining Unicode char U+02C7 (decimal 711)
   defining Unicode char U+02D8 (decimal 728)
   defining Unicode char U+02DD (decimal 733)
   defining Unicode char U+0E3F (decimal 3647)
   defining Unicode char U+2016 (decimal 8214)
   defining Unicode char U+2020 (decimal 8224)
   defining Unicode char U+2021 (decimal 8225)
   defining Unicode char U+2022 (decimal 8226)
   defining Unicode char U+2030 (decimal 8240)
   defining Unicode char U+2031 (decimal 8241)
   defining Unicode char U+203B (decimal 8251)
   defining Unicode char U+203D (decimal 8253)
   defining Unicode char U+2044 (decimal 8260)
   defining Unicode char U+204E (decimal 8270)
   defining Unicode char U+2052 (decimal 8274)
   defining Unicode char U+20A1 (decimal 8353)
   defining Unicode char U+20A4 (decimal 8356)
   defining Unicode char U+20A6 (decimal 8358)
   defining Unicode char U+20A9 (decimal 8361)
   defining Unicode char U+20AB (decimal 8363)
   defining Unicode char U+20AC (decimal 8364)
   defining Unicode char U+20B1 (decimal 8369)
   defining Unicode char U+2103 (decimal 8451)
   defining Unicode char U+2116 (decimal 8470)
   defining Unicode char U+2117 (decimal 8471)
   defining Unicode char U+211E (decimal 8478)
   defining Unicode char U+2120 (decimal 8480)
   defining Unicode char U+2122 (decimal 8482)
   defining Unicode char U+2126 (decimal 8486)
   defining Unicode char U+2127 (decimal 8487)
   defining Unicode char U+212E (decimal 8494)
   defining Unicode char U+2190 (decimal 8592)
   defining Unicode char U+2191 (decimal 8593)
   defining Unicode char U+2192 (decimal 8594)
   defining Unicode char U+2193 (decimal 8595)
   defining Unicode char U+2329 (decimal 9001)
   defining Unicode char U+232A (decimal 9002)
   defining Unicode char U+2422 (decimal 9250)
   defining Unicode char U+25E6 (decimal 9702)
   defining Unicode char U+25EF (decimal 9711)
   defining Unicode char U+266A (decimal 9834)
   defining Unicode char U+FEFF (decimal 65279)
))
LaTeX Info: Redefining \oldstylenums on input line 334.
Package textcomp Info: Setting cmr sub-encoding to TS1/0 on input line 349.
Package textcomp Info: Setting cmss sub-encoding to TS1/0 on input line 350.
Package textcomp Info: Setting cmtt sub-encoding to TS1/0 on input line 351.
Package textcomp Info: Setting cmvtt sub-encoding to TS1/0 on input line 352.
Package textcomp Info: Setting cmbr sub-encoding to TS1/0 on input line 353.
Package textcomp Info: Setting cmtl sub-encoding to TS1/0 on input line 354.
Package textcomp Info: Setting ccr sub-encoding to TS1/0 on input line 355.
Package textcomp Info: Setting ptm sub-encoding to TS1/4 on input line 356.
Package textcomp Info: Setting pcr sub-encoding to TS1/4 on input line 357.
Package textcomp Info: Setting phv sub-encoding to TS1/4 on input line 358.
Package textcomp Info: Setting ppl sub-encoding to TS1/3 on input line 359.
Package textcomp Info: Setting pag sub-encoding to TS1/4 on input line 360.
Package textcomp Info: Setting pbk sub-encoding to TS1/4 on input line 361.
Package textcomp Info: Setting pnc sub-encoding to TS1/4 on input line 362.
Package textcomp Info: Setting pzc sub-encoding to TS1/4 on input line 363.
Package textcomp Info: Setting bch sub-encoding to TS1/4 on input line 364.
Package textcomp Info: Setting put sub-encoding to TS1/5 on input line 365.
Package textcomp Info: Setting uag sub-encoding to TS1/5 on input line 366.
Package textcomp Info: Setting ugq sub-encoding to TS1/5 on input line 367.
Package textcomp Info: Setting ul8 sub-encoding to TS1/4 on input line 368.
Package textcomp Info: Setting ul9 sub-encoding to TS1/4 on input line 369.
Package textcomp Info: Setting augie sub-encoding to TS1/5 on input line 370.
Package textcomp Info: Setting dayrom sub-encoding to TS1/3 on input line 371.
Package textcomp Info: Setting dayroms sub-encoding to TS1/3 on input line 372.

Package textcomp Info: Setting pxr sub-encoding to TS1/0 on input line 373.
Package textcomp Info: Setting pxss sub-encoding to TS1/0 on input line 374.
Package textcomp Info: Setting pxtt sub-encoding to TS1/0 on input line 375.
Package textcomp Info: Setting txr sub-encoding to TS1/0 on input line 376.
Package textcomp Info: Setting txss sub-encoding to TS1/0 on input line 377.
Package textcomp Info: Setting txtt sub-encoding to TS1/0 on input line 378.
Package textcomp Info: Setting lmr sub-encoding to TS1/0 on input line 379.
Package textcomp Info: Setting lmdh sub-encoding to TS1/0 on input line 380.
Package textcomp Info: Setting lmss sub-encoding to TS1/0 on input line 381.
Package textcomp Info: Setting lmssq sub-encoding to TS1/0 on input line 382.
Package textcomp Info: Setting lmvtt sub-encoding to TS1/0 on input line 383.
Package textcomp Info: Setting lmtt sub-encoding to TS1/0 on input line 384.
Package textcomp Info: Setting qhv sub-encoding to TS1/0 on input line 385.
Package textcomp Info: Setting qag sub-encoding to TS1/0 on input line 386.
Package textcomp Info: Setting qbk sub-encoding to TS1/0 on input line 387.
Package textcomp Info: Setting qcr sub-encoding to TS1/0 on input line 388.
Package textcomp Info: Setting qcs sub-encoding to TS1/0 on input line 389.
Package textcomp Info: Setting qpl sub-encoding to TS1/0 on input line 390.
Package textcomp Info: Setting qtm sub-encoding to TS1/0 on input line 391.
Package textcomp Info: Setting qzc sub-encoding to TS1/0 on input line 392.
Package textcomp Info: Setting qhvc sub-encoding to TS1/0 on input line 393.
Package textcomp Info: Setting futs sub-encoding to TS1/4 on input line 394.
Package textcomp Info: Setting futx sub-encoding to TS1/4 on input line 395.
Package textcomp Info: Setting futj sub-encoding to TS1/4 on input line 396.
Package textcomp Info: Setting hlh sub-encoding to TS1/3 on input line 397.
Package textcomp Info: Setting hls sub-encoding to TS1/3 on input line 398.
Package textcomp Info: Setting hlst sub-encoding to TS1/3 on input line 399.
Package textcomp Info: Setting hlct sub-encoding to TS1/5 on input line 400.
Package textcomp Info: Setting hlx sub-encoding to TS1/5 on input line 401.
Package textcomp Info: Setting hlce sub-encoding to TS1/5 on input line 402.
Package textcomp Info: Setting hlcn sub-encoding to TS1/5 on input line 403.
Package textcomp Info: Setting hlcw sub-encoding to TS1/5 on input line 404.
Package textcomp Info: Setting hlcf sub-encoding to TS1/5 on input line 405.
Package textcomp Info: Setting pplx sub-encoding to TS1/3 on input line 406.
Package textcomp Info: Setting pplj sub-encoding to TS1/3 on input line 407.
Package textcomp Info: Setting ptmx sub-encoding to TS1/4 on input line 408.
Package textcomp Info: Setting ptmj sub-encoding to TS1/4 on input line 409.
))
("C:\Users\jrgonzalez\AppData\Local\Programs\MiKTeX 2.9\tex/latex/microtype\mic
rotype.sty"
Package: microtype 2019/11/18 v2.7d Micro-typographical refinements (RS)

("C:\Users\jrgonzalez\AppData\Local\Programs\MiKTeX 2.9\tex/latex/graphics\keyv
al.sty"
Package: keyval 2014/10/28 v1.15 key=value parser (DPC)
\KV@toks@=\toks22
)
\MT@toks=\toks23
\MT@count=\count100
LaTeX Info: Redefining \textls on input line 790.
\MT@outer@kern=\dimen112
LaTeX Info: Redefining \textmicrotypecontext on input line 1354.
\MT@listname@count=\count101

("C:\Users\jrgonzalez\AppData\Local\Programs\MiKTeX 2.9\tex/latex/microtype\mic
rotype-pdftex.def"
File: microtype-pdftex.def 2019/11/18 v2.7d Definitions specific to pdftex (RS)

LaTeX Info: Redefining \lsstyle on input line 914.
LaTeX Info: Redefining \lslig on input line 914.
\MT@outer@space=\skip46
)
Package microtype Info: Loading configuration file microtype.cfg.

("C:\Users\jrgonzalez\AppData\Local\Programs\MiKTeX 2.9\tex/latex/microtype\mic
rotype.cfg"
File: microtype.cfg 2019/11/18 v2.7d microtype main configuration file (RS)
))
("C:\Users\jrgonzalez\AppData\Local\Programs\MiKTeX 2.9\tex/latex/geometry\geom
etry.sty"
Package: geometry 2018/04/16 v5.8 Page Geometry

("C:\Users\jrgonzalez\AppData\Local\Programs\MiKTeX 2.9\tex/generic/oberdiek\if
pdf.sty"
Package: ifpdf 2018/09/07 v3.3 Provides the ifpdf switch
)
("C:\Users\jrgonzalez\AppData\Local\Programs\MiKTeX 2.9\tex/generic/oberdiek\if
vtex.sty"
Package: ifvtex 2016/05/16 v1.6 Detect VTeX and its facilities (HO)
Package ifvtex Info: VTeX not detected.
)
\Gm@cnth=\count102
\Gm@cntv=\count103
\c@Gm@tempcnt=\count104
\Gm@bindingoffset=\dimen113
\Gm@wd@mp=\dimen114
\Gm@odd@mp=\dimen115
\Gm@even@mp=\dimen116
\Gm@layoutwidth=\dimen117
\Gm@layoutheight=\dimen118
\Gm@layouthoffset=\dimen119
\Gm@layoutvoffset=\dimen120
\Gm@dimlist=\toks24

("C:\Users\jrgonzalez\AppData\Local\Programs\MiKTeX 2.9\tex/latex/geometry\geom
etry.cfg"))
("C:\Users\jrgonzalez\AppData\Local\Programs\MiKTeX 2.9\tex/latex/hyperref\hype
rref.sty"
Package: hyperref 2019/09/12 v6.88i Hypertext links for LaTeX

("C:\Users\jrgonzalez\AppData\Local\Programs\MiKTeX 2.9\tex/generic/oberdiek\ho
bsub-hyperref.sty"
Package: hobsub-hyperref 2016/05/16 v1.14 Bundle oberdiek, subset hyperref (HO)


("C:\Users\jrgonzalez\AppData\Local\Programs\MiKTeX 2.9\tex/generic/oberdiek\ho
bsub-generic.sty"
Package: hobsub-generic 2016/05/16 v1.14 Bundle oberdiek, subset generic (HO)
Package: hobsub 2016/05/16 v1.14 Construct package bundles (HO)
Package: infwarerr 2016/05/16 v1.4 Providing info/warning/error messages (HO)
Package: ltxcmds 2016/05/16 v1.23 LaTeX kernel commands for general use (HO)
Package hobsub Info: Skipping package `ifluatex' (already loaded).
Package hobsub Info: Skipping package `ifvtex' (already loaded).
Package: intcalc 2016/05/16 v1.2 Expandable calculations with integers (HO)
Package hobsub Info: Skipping package `ifpdf' (already loaded).
Package: etexcmds 2016/05/16 v1.6 Avoid name clashes with e-TeX commands (HO)
Package: kvsetkeys 2016/05/16 v1.17 Key value parser (HO)
Package: kvdefinekeys 2016/05/16 v1.4 Define keys (HO)
Package: pdftexcmds 2019/07/25 v0.30 Utility functions of pdfTeX for LuaTeX (HO
)
Package pdftexcmds Info: LuaTeX not detected.
Package pdftexcmds Info: \pdf@primitive is available.
Package pdftexcmds Info: \pdf@ifprimitive is available.
Package pdftexcmds Info: \pdfdraftmode found.
Package: pdfescape 2016/05/16 v1.14 Implements pdfTeX's escape features (HO)
Package: bigintcalc 2016/05/16 v1.4 Expandable calculations on big integers (HO
)
Package: bitset 2016/05/16 v1.2 Handle bit-vector datatype (HO)
Package: uniquecounter 2016/05/16 v1.3 Provide unlimited unique counter (HO)
)
Package hobsub Info: Skipping package `hobsub' (already loaded).
Package: letltxmacro 2016/05/16 v1.5 Let assignment for LaTeX macros (HO)
Package: hopatch 2016/05/16 v1.3 Wrapper for package hooks (HO)
Package: xcolor-patch 2016/05/16 xcolor patch
Package: atveryend 2016/05/16 v1.9 Hooks at the very end of document (HO)
Package atveryend Info: \enddocument detected (standard20110627).
Package: atbegshi 2016/06/09 v1.18 At begin shipout hook (HO)
Package: refcount 2016/05/16 v3.5 Data extraction from label references (HO)
Package: hycolor 2016/05/16 v1.8 Color options for hyperref/bookmark (HO)
)
("C:\Users\jrgonzalez\AppData\Local\Programs\MiKTeX 2.9\tex/latex/oberdiek\auxh
ook.sty"
Package: auxhook 2016/05/16 v1.4 Hooks for auxiliary files (HO)
)
("C:\Users\jrgonzalez\AppData\Local\Programs\MiKTeX 2.9\tex/latex/oberdiek\kvop
tions.sty"
Package: kvoptions 2016/05/16 v3.12 Key value format for package options (HO)
)
\@linkdim=\dimen121
\Hy@linkcounter=\count105
\Hy@pagecounter=\count106

("C:\Users\jrgonzalez\AppData\Local\Programs\MiKTeX 2.9\tex/latex/hyperref\pd1e
nc.def"
File: pd1enc.def 2019/09/12 v6.88i Hyperref: PDFDocEncoding definition (HO)
Now handling font encoding PD1 ...
... no UTF-8 mapping file for font encoding PD1
)
\Hy@SavedSpaceFactor=\count107

("C:\Users\jrgonzalez\AppData\Local\Programs\MiKTeX 2.9\tex/latex/00miktex\hype
rref.cfg"
File: hyperref.cfg 2002/06/06 v1.2 hyperref configuration of TeXLive
)
Package hyperref Info: Hyper figures OFF on input line 4550.
Package hyperref Info: Link nesting OFF on input line 4555.
Package hyperref Info: Hyper index ON on input line 4558.
Package hyperref Info: Plain pages OFF on input line 4565.
Package hyperref Info: Backreferencing OFF on input line 4570.
Package hyperref Info: Implicit mode ON; LaTeX internals redefined.
Package hyperref Info: Bookmarks ON on input line 4803.
\c@Hy@tempcnt=\count108

("C:\Users\jrgonzalez\AppData\Local\Programs\MiKTeX 2.9\tex/latex/url\url.sty"
\Urlmuskip=\muskip11
Package: url 2013/09/16  ver 3.4  Verb mode for urls, etc.
)
LaTeX Info: Redefining \url on input line 5156.
\XeTeXLinkMargin=\dimen122
\Fld@menulength=\count109
\Field@Width=\dimen123
\Fld@charsize=\dimen124
Package hyperref Info: Hyper figures OFF on input line 6411.
Package hyperref Info: Link nesting OFF on input line 6416.
Package hyperref Info: Hyper index ON on input line 6419.
Package hyperref Info: backreferencing OFF on input line 6426.
Package hyperref Info: Link coloring OFF on input line 6431.
Package hyperref Info: Link coloring with OCG OFF on input line 6436.
Package hyperref Info: PDF/A mode OFF on input line 6441.
LaTeX Info: Redefining \ref on input line 6481.
LaTeX Info: Redefining \pageref on input line 6485.
\Hy@abspage=\count110
\c@Item=\count111
\c@Hfootnote=\count112
)
Package hyperref Info: Driver (autodetected): hpdftex.

("C:\Users\jrgonzalez\AppData\Local\Programs\MiKTeX 2.9\tex/latex/hyperref\hpdf
tex.def"
File: hpdftex.def 2019/09/12 v6.88i Hyperref driver for pdfTeX
\Fld@listcount=\count113
\c@bookmark@seq@number=\count114

("C:\Users\jrgonzalez\AppData\Local\Programs\MiKTeX 2.9\tex/latex/oberdiek\reru
nfilecheck.sty"
Package: rerunfilecheck 2016/05/16 v1.8 Rerun checks for auxiliary files (HO)
Package uniquecounter Info: New unique counter `rerunfilecheck' on input line 2
82.
)
\Hy@SectionHShift=\skip47
)
Package hyperref Info: Option `unicode' set `true' on input line 29.

("C:\Users\jrgonzalez\AppData\Local\Programs\MiKTeX 2.9\tex/latex/hyperref\puen
c.def"
File: puenc.def 2019/09/12 v6.88i Hyperref: PDF Unicode definition (HO)
Now handling font encoding PU ...
... no UTF-8 mapping file for font encoding PU
)
Package hyperref Info: Option `breaklinks' set `true' on input line 29.

("C:\Users\jrgonzalez\AppData\Local\Programs\MiKTeX 2.9\tex/latex/graphics\colo
r.sty"
Package: color 2016/07/10 v1.1e Standard LaTeX Color (DPC)

("C:\Users\jrgonzalez\AppData\Local\Programs\MiKTeX 2.9\tex/latex/graphics-cfg\
color.cfg"
File: color.cfg 2016/01/02 v1.6 sample color configuration
)
Package color Info: Driver file: pdftex.def on input line 147.

("C:\Users\jrgonzalez\AppData\Local\Programs\MiKTeX 2.9\tex/latex/graphics-def\
pdftex.def"
File: pdftex.def 2018/01/08 v1.0l Graphics/color driver for pdftex
))
("C:\Users\jrgonzalez\AppData\Local\Programs\MiKTeX 2.9\tex/latex/fancyvrb\fanc
yvrb.sty"
Package: fancyvrb 2020/01/13 v3.5 verbatim text (tvz,hv)
\FV@CodeLineNo=\count115
\FV@InFile=\read1
\FV@TabBox=\box29
\c@FancyVerbLine=\count116
\FV@StepNumber=\count117
\FV@OutFile=\write3
)
("C:\Users\jrgonzalez\AppData\Local\Programs\MiKTeX 2.9\tex/latex/framed\framed
.sty"
Package: framed 2011/10/22 v 0.96: framed or shaded text with page breaks
\OuterFrameSep=\skip48
\fb@frw=\dimen125
\fb@frh=\dimen126
\FrameRule=\dimen127
\FrameSep=\dimen128
)
("C:\Users\jrgonzalez\AppData\Local\Programs\MiKTeX 2.9\tex/latex/graphics\grap
hicx.sty"
Package: graphicx 2017/06/01 v1.1a Enhanced LaTeX Graphics (DPC,SPQR)

("C:\Users\jrgonzalez\AppData\Local\Programs\MiKTeX 2.9\tex/latex/graphics\grap
hics.sty"
Package: graphics 2019/07/20 v1.3b Standard LaTeX Graphics (DPC,SPQR)

("C:\Users\jrgonzalez\AppData\Local\Programs\MiKTeX 2.9\tex/latex/graphics\trig
.sty"
Package: trig 2016/01/03 v1.10 sin cos tan (DPC)
)
("C:\Users\jrgonzalez\AppData\Local\Programs\MiKTeX 2.9\tex/latex/graphics-cfg\
graphics.cfg"
File: graphics.cfg 2016/06/04 v1.11 sample graphics configuration
)
Package graphics Info: Driver file: pdftex.def on input line 105.
)
\Gin@req@height=\dimen129
\Gin@req@width=\dimen130
)
("C:\Users\jrgonzalez\AppData\Local\Programs\MiKTeX 2.9\tex/latex/oberdiek\grff
ile.sty"
Package: grffile 2017/06/30 v1.18 Extended file name support for graphics (HO)
Package grffile Info: Option `multidot' is set to `true'.
Package grffile Info: Option `extendedchars' is set to `false'.
Package grffile Info: Option `space' is set to `true'.
Package grffile Info: \Gin@ii of package `graphicx' fixed on input line 494.
)
("C:\Users\jrgonzalez\AppData\Local\Programs\MiKTeX 2.9\tex/latex/parskip\parsk
ip.sty"
Package: parskip 2020-01-22 v2.0d non-zero parskip adjustments

("C:\Users\jrgonzalez\AppData\Local\Programs\MiKTeX 2.9\tex/latex/etoolbox\etoo
lbox.sty"
Package: etoolbox 2019/09/21 v2.5h e-TeX tools for LaTeX (JAW)
\etb@tempcnta=\count118
))
("C:\Users\jrgonzalez\AppData\Local\Programs\MiKTeX 2.9\tex/latex/titling\titli
ng.sty"
Package: titling 2009/09/04 v2.1d maketitle typesetting
\thanksmarkwidth=\skip49
\thanksmargin=\skip50
\droptitle=\skip51
)
No file dsOmics.aux.
\openout1 = `dsOmics.aux'.

LaTeX Font Info:    Checking defaults for OML/cmm/m/it on input line 128.
LaTeX Font Info:    ... okay on input line 128.
LaTeX Font Info:    Checking defaults for T1/cmr/m/n on input line 128.
LaTeX Font Info:    ... okay on input line 128.
LaTeX Font Info:    Checking defaults for OT1/cmr/m/n on input line 128.
LaTeX Font Info:    ... okay on input line 128.
LaTeX Font Info:    Checking defaults for OMS/cmsy/m/n on input line 128.
LaTeX Font Info:    ... okay on input line 128.
LaTeX Font Info:    Checking defaults for OMX/cmex/m/n on input line 128.
LaTeX Font Info:    ... okay on input line 128.
LaTeX Font Info:    Checking defaults for U/cmr/m/n on input line 128.
LaTeX Font Info:    ... okay on input line 128.
LaTeX Font Info:    Checking defaults for TS1/cmr/m/n on input line 128.
LaTeX Font Info:    Try loading font information for TS1+cmr on input line 128.


("C:\Users\jrgonzalez\AppData\Local\Programs\MiKTeX 2.9\tex/latex/base\ts1cmr.f
d"
File: ts1cmr.fd 2014/09/29 v2.5h Standard LaTeX font definitions
)
LaTeX Font Info:    ... okay on input line 128.
LaTeX Font Info:    Checking defaults for PD1/pdf/m/n on input line 128.
LaTeX Font Info:    ... okay on input line 128.
LaTeX Font Info:    Checking defaults for PU/pdf/m/n on input line 128.
LaTeX Font Info:    ... okay on input line 128.
LaTeX Font Info:    Try loading font information for T1+lmr on input line 128.

("C:\Users\jrgonzalez\AppData\Local\Programs\MiKTeX 2.9\tex/latex/lm\t1lmr.fd"
File: t1lmr.fd 2009/10/30 v1.6 Font defs for Latin Modern
)
LaTeX Info: Redefining \microtypecontext on input line 128.
Package microtype Info: Generating PDF output.
Package microtype Info: Character protrusion enabled (level 2).
Package microtype Info: Using protrusion set `basicmath'.
Package microtype Info: Automatic font expansion enabled (level 2),
(microtype)             stretch: 20, shrink: 20, step: 1, non-selected.
Package microtype Info: Using default expansion set `basictext'.
Package microtype Info: No adjustment of tracking.
Package microtype Info: No adjustment of interword spacing.
Package microtype Info: No adjustment of character kerning.

("C:\Users\jrgonzalez\AppData\Local\Programs\MiKTeX 2.9\tex/latex/microtype\mt-
cmr.cfg"
File: mt-cmr.cfg 2013/05/19 v2.2 microtype config. file: Computer Modern Roman 
(RS)
)
*geometry* driver: auto-detecting
*geometry* detected driver: pdftex
*geometry* verbose mode - [ preamble ] result:
* driver: pdftex
* paper: <default>
* layout: <same size as paper>
* layoutoffset:(h,v)=(0.0pt,0.0pt)
* modes: 
* h-part:(L,W,R)=(72.26999pt, 469.75502pt, 72.26999pt)
* v-part:(T,H,B)=(72.26999pt, 650.43001pt, 72.26999pt)
* \paperwidth=614.295pt
* \paperheight=794.96999pt
* \textwidth=469.75502pt
* \textheight=650.43001pt
* \oddsidemargin=0.0pt
* \evensidemargin=0.0pt
* \topmargin=-37.0pt
* \headheight=12.0pt
* \headsep=25.0pt
* \topskip=10.0pt
* \footskip=30.0pt
* \marginparwidth=65.0pt
* \marginparsep=11.0pt
* \columnsep=10.0pt
* \skip\footins=9.0pt plus 4.0pt minus 2.0pt
* \hoffset=0.0pt
* \voffset=0.0pt
* \mag=1000
* \@twocolumnfalse
* \@twosidefalse
* \@mparswitchfalse
* \@reversemarginfalse
* (1in=72.27pt=25.4mm, 1cm=28.453pt)

\AtBeginShipoutBox=\box30
Package hyperref Info: Link coloring OFF on input line 128.

("C:\Users\jrgonzalez\AppData\Local\Programs\MiKTeX 2.9\tex/latex/hyperref\name
ref.sty"
Package: nameref 2019/09/12 v2.45 Cross-referencing by name of section

("C:\Users\jrgonzalez\AppData\Local\Programs\MiKTeX 2.9\tex/generic/oberdiek\ge
ttitlestring.sty"
Package: gettitlestring 2016/05/16 v1.5 Cleanup title references (HO)
)
\c@section@level=\count119
)
LaTeX Info: Redefining \ref on input line 128.
LaTeX Info: Redefining \pageref on input line 128.
LaTeX Info: Redefining \nameref on input line 128.
\@outlinefile=\write4
\openout4 = `dsOmics.out'.


("C:\Users\jrgonzalez\AppData\Local\Programs\MiKTeX 2.9\tex/context/base/mkii\s
upp-pdf.mkii"
[Loading MPS to PDF converter (version 2006.09.02).]
\scratchcounter=\count120
\scratchdimen=\dimen131
\scratchbox=\box31
\nofMPsegments=\count121
\nofMParguments=\count122
\everyMPshowfont=\toks25
\MPscratchCnt=\count123
\MPscratchDim=\dimen132
\MPnumerator=\count124
\makeMPintoPDFobject=\count125
\everyMPtoPDFconversion=\toks26
)
("C:\Users\jrgonzalez\AppData\Local\Programs\MiKTeX 2.9\tex/latex/oberdiek\epst
opdf-base.sty"
Package: epstopdf-base 2016/05/15 v2.6 Base part for package epstopdf

("C:\Users\jrgonzalez\AppData\Local\Programs\MiKTeX 2.9\tex/latex/oberdiek\grfe
xt.sty"
Package: grfext 2016/05/16 v1.2 Manage graphics extensions (HO)
)
Package epstopdf-base Info: Redefining graphics rule for `.eps' on input line 4
38.
Package grfext Info: Graphics extension search list:
(grfext)             [.pdf,.png,.jpg,.mps,.jpeg,.jbig2,.jb2,.PDF,.PNG,.JPG,.JPE
G,.JBIG2,.JB2,.eps]
(grfext)             \AppendGraphicsExtensions on input line 456.
)

LaTeX Warning: Reference `fig:dsArchitec' on page 1 undefined on input line 153
.

! Undefined control sequence.
\grffile@org@Ginclude@graphics ... \set@curr@file 
                                                  {#1}\edef \uq@curr@file {\...
l.157 ...inewidth]{fig/singleSiteDSInfrastructure}
                                                  
? r
OK, entering \nonstopmode...
! Undefined control sequence.
\grffile@org@Ginclude@graphics ...er {\@curr@file 
                                                  }}\expandafter \filename@p...
l.157 ...inewidth]{fig/singleSiteDSInfrastructure}
                                                  
The control sequence at the end of the top line
of your error message was never \def'ed. If you have
misspelled it (e.g., `\hobx'), type `I' and the correct
spelling (e.g., `I\hbox'). Otherwise just continue,
and I'll forget about whatever was undefined.

! Undefined control sequence.
<recently read> \unquote@name 
                              
l.157 ...inewidth]{fig/singleSiteDSInfrastructure}
                                                  
The control sequence at the end of the top line
of your error message was never \def'ed. If you have
misspelled it (e.g., `\hobx'), type `I' and the correct
spelling (e.g., `I\hbox'). Otherwise just continue,
and I'll forget about whatever was undefined.

! Undefined control sequence.
<recently read> \quote@name 
                            
l.157 ...inewidth]{fig/singleSiteDSInfrastructure}
                                                  
The control sequence at the end of the top line
of your error message was never \def'ed. If you have
misspelled it (e.g., `\hobx'), type `I' and the correct
spelling (e.g., `I\hbox'). Otherwise just continue,
and I'll forget about whatever was undefined.

! Undefined control sequence.
<recently read> \quote@name 
                            
l.157 ...inewidth]{fig/singleSiteDSInfrastructure}
                                                  
The control sequence at the end of the top line
of your error message was never \def'ed. If you have
misspelled it (e.g., `\hobx'), type `I' and the correct
spelling (e.g., `I\hbox'). Otherwise just continue,
and I'll forget about whatever was undefined.


! LaTeX Error: File `fig/singleSiteDSInfrastructure' not found.

See the LaTeX manual or LaTeX Companion for explanation.
Type  H <return>  for immediate help.
 ...                                              
                                                  
l.157 ...inewidth]{fig/singleSiteDSInfrastructure}
                                                  
I could not locate the file with any of these extensions:
.pdf,.png,.jpg,.mps,.jpeg,.jbig2,.jb2,.PDF,.PNG,.JPG,.JPEG,.JBIG2,.JB2,.eps
Try typing  <return>  to proceed.
If that doesn't work, type  X <return>  to quit.

LaTeX Font Info:    Try loading font information for T1+lmtt on input line 181.

("C:\Users\jrgonzalez\AppData\Local\Programs\MiKTeX 2.9\tex/latex/lm\t1lmtt.fd"
File: t1lmtt.fd 2009/10/30 v1.6 Font defs for Latin Modern
)
LaTeX Font Info:    Try loading font information for OT1+lmr on input line 186.

 ("C:\Users\jrgonzalez\AppData\Local\Programs\MiKTeX 2.9\tex/latex/lm\ot1lmr.fd
"
File: ot1lmr.fd 2009/10/30 v1.6 Font defs for Latin Modern
)
LaTeX Font Info:    Try loading font information for OML+lmm on input line 186.


("C:\Users\jrgonzalez\AppData\Local\Programs\MiKTeX 2.9\tex/latex/lm\omllmm.fd"
File: omllmm.fd 2009/10/30 v1.6 Font defs for Latin Modern
)
LaTeX Font Info:    Try loading font information for OMS+lmsy on input line 186
.

("C:\Users\jrgonzalez\AppData\Local\Programs\MiKTeX 2.9\tex/latex/lm\omslmsy.fd
"
File: omslmsy.fd 2009/10/30 v1.6 Font defs for Latin Modern
)
LaTeX Font Info:    Try loading font information for OMX+lmex on input line 186
.

("C:\Users\jrgonzalez\AppData\Local\Programs\MiKTeX 2.9\tex/latex/lm\omxlmex.fd
"
File: omxlmex.fd 2009/10/30 v1.6 Font defs for Latin Modern
)
LaTeX Font Info:    External font `lmex10' loaded for size
(Font)              <10> on input line 186.
LaTeX Font Info:    External font `lmex10' loaded for size
(Font)              <7> on input line 186.
LaTeX Font Info:    External font `lmex10' loaded for size
(Font)              <5> on input line 186.
LaTeX Font Info:    Try loading font information for U+msa on input line 186.

("C:\Users\jrgonzalez\AppData\Local\Programs\MiKTeX 2.9\tex/latex/amsfonts\umsa
.fd"
File: umsa.fd 2013/01/14 v3.01 AMS symbols A
)
("C:\Users\jrgonzalez\AppData\Local\Programs\MiKTeX 2.9\tex/latex/microtype\mt-
msa.cfg"
File: mt-msa.cfg 2006/02/04 v1.1 microtype config. file: AMS symbols (a) (RS)
)
LaTeX Font Info:    Try loading font information for U+msb on input line 186.

("C:\Users\jrgonzalez\AppData\Local\Programs\MiKTeX 2.9\tex/latex/amsfonts\umsb
.fd"
File: umsb.fd 2013/01/14 v3.01 AMS symbols B
)
("C:\Users\jrgonzalez\AppData\Local\Programs\MiKTeX 2.9\tex/latex/microtype\mt-
msb.cfg"
File: mt-msb.cfg 2005/06/01 v1.0 microtype config. file: AMS symbols (b) (RS)
) [1

{C:/Users/jrgonzalez/AppData/Local/MiKTeX/2.9/pdftex/config/pdftex.map}]

LaTeX Warning: Reference `fig:resources' on page 2 undefined on input line 229.


! Undefined control sequence.
\grffile@org@Ginclude@graphics ... \set@curr@file 
                                                  {#1}\edef \uq@curr@file {\...
l.233 ...s[width=0.9\linewidth]{fig/resourcer_fig}
                                                  
The control sequence at the end of the top line
of your error message was never \def'ed. If you have
misspelled it (e.g., `\hobx'), type `I' and the correct
spelling (e.g., `I\hbox'). Otherwise just continue,
and I'll forget about whatever was undefined.

! Missing $ inserted.
<inserted text> 
                $
l.233 ...s[width=0.9\linewidth]{fig/resourcer_fig}
                                                  
I've inserted a begin-math/end-math symbol since I think
you left one out. Proceed, with fingers crossed.

! Extra }, or forgotten $.
\grffile@org@Ginclude@graphics ...t@curr@file {#1}
                                                  \edef \uq@curr@file {\expa...
l.233 ...s[width=0.9\linewidth]{fig/resourcer_fig}
                                                  
I've deleted a group-closing symbol because it seems to be
spurious, as in `$x}$'. But perhaps the } is legitimate and
you forgot something else, as in `\hbox{$x}'. In such cases
the way to recover is to insert both the forgotten and the
deleted material, e.g., by typing `I$}'.

! Undefined control sequence.
\grffile@org@Ginclude@graphics ...er {\@curr@file 
                                                  }}\expandafter \filename@p...
l.233 ...s[width=0.9\linewidth]{fig/resourcer_fig}
                                                  
The control sequence at the end of the top line
of your error message was never \def'ed. If you have
misspelled it (e.g., `\hobx'), type `I' and the correct
spelling (e.g., `I\hbox'). Otherwise just continue,
and I'll forget about whatever was undefined.

! Undefined control sequence.
<recently read> \unquote@name 
                              
l.233 ...s[width=0.9\linewidth]{fig/resourcer_fig}
                                                  
The control sequence at the end of the top line
of your error message was never \def'ed. If you have
misspelled it (e.g., `\hobx'), type `I' and the correct
spelling (e.g., `I\hbox'). Otherwise just continue,
and I'll forget about whatever was undefined.

! Undefined control sequence.
<recently read> \quote@name 
                            
l.233 ...s[width=0.9\linewidth]{fig/resourcer_fig}
                                                  
The control sequence at the end of the top line
of your error message was never \def'ed. If you have
misspelled it (e.g., `\hobx'), type `I' and the correct
spelling (e.g., `I\hbox'). Otherwise just continue,
and I'll forget about whatever was undefined.

! Undefined control sequence.
<recently read> \quote@name 
                            
l.233 ...s[width=0.9\linewidth]{fig/resourcer_fig}
                                                  
The control sequence at the end of the top line
of your error message was never \def'ed. If you have
misspelled it (e.g., `\hobx'), type `I' and the correct
spelling (e.g., `I\hbox'). Otherwise just continue,
and I'll forget about whatever was undefined.


! LaTeX Error: File `fig/resourcer_fig' not found.

See the LaTeX manual or LaTeX Companion for explanation.
Type  H <return>  for immediate help.
 ...                                              
                                                  
l.233 ...s[width=0.9\linewidth]{fig/resourcer_fig}
                                                  
I could not locate the file with any of these extensions:
.pdf,.png,.jpg,.mps,.jpeg,.jbig2,.jb2,.PDF,.PNG,.JPG,.JPEG,.JBIG2,.JB2,.eps
Try typing  <return>  to proceed.
If that doesn't work, type  X <return>  to quit.

! Missing $ inserted.
<inserted text> 
                $
l.233 ...s[width=0.9\linewidth]{fig/resourcer_fig}
                                                  
I've inserted something that you may have forgotten.
(See the <inserted text> above.)
With luck, this will get me unwedged. But if you
really didn't forget anything, try typing `2' now; then
my insertion and my current dilemma will both disappear.

! Missing } inserted.
<inserted text> 
                }
l.233 ...s[width=0.9\linewidth]{fig/resourcer_fig}
                                                  
I've inserted something that you may have forgotten.
(See the <inserted text> above.)
With luck, this will get me unwedged. But if you
really didn't forget anything, try typing `2' now; then
my insertion and my current dilemma will both disappear.

! Undefined control sequence.
\grffile@org@Ginclude@graphics ... \set@curr@file 
                                                  {#1}\edef \uq@curr@file {\...
l.260 ...egraphics[width=25in]{fig/opal_resources}
                                                  
The control sequence at the end of the top line
of your error message was never \def'ed. If you have
misspelled it (e.g., `\hobx'), type `I' and the correct
spelling (e.g., `I\hbox'). Otherwise just continue,
and I'll forget about whatever was undefined.

! Missing $ inserted.
<inserted text> 
                $
l.260 ...egraphics[width=25in]{fig/opal_resources}
                                                  
I've inserted a begin-math/end-math symbol since I think
you left one out. Proceed, with fingers crossed.

! Extra }, or forgotten $.
\grffile@org@Ginclude@graphics ...t@curr@file {#1}
                                                  \edef \uq@curr@file {\expa...
l.260 ...egraphics[width=25in]{fig/opal_resources}
                                                  
I've deleted a group-closing symbol because it seems to be
spurious, as in `$x}$'. But perhaps the } is legitimate and
you forgot something else, as in `\hbox{$x}'. In such cases
the way to recover is to insert both the forgotten and the
deleted material, e.g., by typing `I$}'.

! Undefined control sequence.
\grffile@org@Ginclude@graphics ...er {\@curr@file 
                                                  }}\expandafter \filename@p...
l.260 ...egraphics[width=25in]{fig/opal_resources}
                                                  
The control sequence at the end of the top line
of your error message was never \def'ed. If you have
misspelled it (e.g., `\hobx'), type `I' and the correct
spelling (e.g., `I\hbox'). Otherwise just continue,
and I'll forget about whatever was undefined.

! Undefined control sequence.
<recently read> \unquote@name 
                              
l.260 ...egraphics[width=25in]{fig/opal_resources}
                                                  
The control sequence at the end of the top line
of your error message was never \def'ed. If you have
misspelled it (e.g., `\hobx'), type `I' and the correct
spelling (e.g., `I\hbox'). Otherwise just continue,
and I'll forget about whatever was undefined.

! Undefined control sequence.
<recently read> \quote@name 
                            
l.260 ...egraphics[width=25in]{fig/opal_resources}
                                                  
The control sequence at the end of the top line
of your error message was never \def'ed. If you have
misspelled it (e.g., `\hobx'), type `I' and the correct
spelling (e.g., `I\hbox'). Otherwise just continue,
and I'll forget about whatever was undefined.

! Undefined control sequence.
<recently read> \quote@name 
                            
l.260 ...egraphics[width=25in]{fig/opal_resources}
                                                  
The control sequence at the end of the top line
of your error message was never \def'ed. If you have
misspelled it (e.g., `\hobx'), type `I' and the correct
spelling (e.g., `I\hbox'). Otherwise just continue,
and I'll forget about whatever was undefined.


! LaTeX Error: File `fig/opal_resources' not found.

See the LaTeX manual or LaTeX Companion for explanation.
Type  H <return>  for immediate help.
 ...                                              
                                                  
l.260 ...egraphics[width=25in]{fig/opal_resources}
                                                  
I could not locate the file with any of these extensions:
.pdf,.png,.jpg,.mps,.jpeg,.jbig2,.jb2,.PDF,.PNG,.JPG,.JPEG,.JBIG2,.JB2,.eps
Try typing  <return>  to proceed.
If that doesn't work, type  X <return>  to quit.

! Missing $ inserted.
<inserted text> 
                $
l.260 ...egraphics[width=25in]{fig/opal_resources}
                                                  
I've inserted something that you may have forgotten.
(See the <inserted text> above.)
With luck, this will get me unwedged. But if you
really didn't forget anything, try typing `2' now; then
my insertion and my current dilemma will both disappear.

! Missing } inserted.
<inserted text> 
                }
l.260 ...egraphics[width=25in]{fig/opal_resources}
                                                  
I've inserted something that you may have forgotten.
(See the <inserted text> above.)
With luck, this will get me unwedged. But if you
really didn't forget anything, try typing `2' now; then
my insertion and my current dilemma will both disappear.

! Undefined control sequence.
\grffile@org@Ginclude@graphics ... \set@curr@file 
                                                  {#1}\edef \uq@curr@file {\...
l.272 ...cs[width=28.14in]{fig/opal_resources_API}
                                                  
The control sequence at the end of the top line
of your error message was never \def'ed. If you have
misspelled it (e.g., `\hobx'), type `I' and the correct
spelling (e.g., `I\hbox'). Otherwise just continue,
and I'll forget about whatever was undefined.

! Missing $ inserted.
<inserted text> 
                $
l.272 ...cs[width=28.14in]{fig/opal_resources_API}
                                                  
I've inserted a begin-math/end-math symbol since I think
you left one out. Proceed, with fingers crossed.

! Extra }, or forgotten $.
\grffile@org@Ginclude@graphics ...t@curr@file {#1}
                                                  \edef \uq@curr@file {\expa...
l.272 ...cs[width=28.14in]{fig/opal_resources_API}
                                                  
I've deleted a group-closing symbol because it seems to be
spurious, as in `$x}$'. But perhaps the } is legitimate and
you forgot something else, as in `\hbox{$x}'. In such cases
the way to recover is to insert both the forgotten and the
deleted material, e.g., by typing `I$}'.

! Undefined control sequence.
\grffile@org@Ginclude@graphics ...er {\@curr@file 
                                                  }}\expandafter \filename@p...
l.272 ...cs[width=28.14in]{fig/opal_resources_API}
                                                  
The control sequence at the end of the top line
of your error message was never \def'ed. If you have
misspelled it (e.g., `\hobx'), type `I' and the correct
spelling (e.g., `I\hbox'). Otherwise just continue,
and I'll forget about whatever was undefined.

! Undefined control sequence.
<recently read> \unquote@name 
                              
l.272 ...cs[width=28.14in]{fig/opal_resources_API}
                                                  
The control sequence at the end of the top line
of your error message was never \def'ed. If you have
misspelled it (e.g., `\hobx'), type `I' and the correct
spelling (e.g., `I\hbox'). Otherwise just continue,
and I'll forget about whatever was undefined.

! Undefined control sequence.
<recently read> \quote@name 
                            
l.272 ...cs[width=28.14in]{fig/opal_resources_API}
                                                  
The control sequence at the end of the top line
of your error message was never \def'ed. If you have
misspelled it (e.g., `\hobx'), type `I' and the correct
spelling (e.g., `I\hbox'). Otherwise just continue,
and I'll forget about whatever was undefined.

! Undefined control sequence.
<recently read> \quote@name 
                            
l.272 ...cs[width=28.14in]{fig/opal_resources_API}
                                                  
The control sequence at the end of the top line
of your error message was never \def'ed. If you have
misspelled it (e.g., `\hobx'), type `I' and the correct
spelling (e.g., `I\hbox'). Otherwise just continue,
and I'll forget about whatever was undefined.


! LaTeX Error: File `fig/opal_resources_API' not found.

See the LaTeX manual or LaTeX Companion for explanation.
Type  H <return>  for immediate help.
 ...                                              
                                                  
l.272 ...cs[width=28.14in]{fig/opal_resources_API}
                                                  
I could not locate the file with any of these extensions:
.pdf,.png,.jpg,.mps,.jpeg,.jbig2,.jb2,.PDF,.PNG,.JPG,.JPEG,.JBIG2,.JB2,.eps
Try typing  <return>  to proceed.
If that doesn't work, type  X <return>  to quit.

! Missing $ inserted.
<inserted text> 
                $
l.272 ...cs[width=28.14in]{fig/opal_resources_API}
                                                  
I've inserted something that you may have forgotten.
(See the <inserted text> above.)
With luck, this will get me unwedged. But if you
really didn't forget anything, try typing `2' now; then
my insertion and my current dilemma will both disappear.

! Missing } inserted.
<inserted text> 
                }
l.272 ...cs[width=28.14in]{fig/opal_resources_API}
                                                  
I've inserted something that you may have forgotten.
(See the <inserted text> above.)
With luck, this will get me unwedged. But if you
really didn't forget anything, try typing `2' now; then
my insertion and my current dilemma will both disappear.

LaTeX Font Info:    Font shape `T1/lmtt/bx/n' in size <10> not available
(Font)              Font shape `T1/lmtt/b/n' tried instead on input line 283.
[2]
! Undefined control sequence.
\grffile@org@Ginclude@graphics ... \set@curr@file 
                                                  {#1}\edef \uq@curr@file {\...
l.347 ...ics[width=25.58in]{fig/add_packages_opal}
                                                  
The control sequence at the end of the top line
of your error message was never \def'ed. If you have
misspelled it (e.g., `\hobx'), type `I' and the correct
spelling (e.g., `I\hbox'). Otherwise just continue,
and I'll forget about whatever was undefined.

! Missing $ inserted.
<inserted text> 
                $
l.347 ...ics[width=25.58in]{fig/add_packages_opal}
                                                  
I've inserted a begin-math/end-math symbol since I think
you left one out. Proceed, with fingers crossed.

! Extra }, or forgotten $.
\grffile@org@Ginclude@graphics ...t@curr@file {#1}
                                                  \edef \uq@curr@file {\expa...
l.347 ...ics[width=25.58in]{fig/add_packages_opal}
                                                  
I've deleted a group-closing symbol because it seems to be
spurious, as in `$x}$'. But perhaps the } is legitimate and
you forgot something else, as in `\hbox{$x}'. In such cases
the way to recover is to insert both the forgotten and the
deleted material, e.g., by typing `I$}'.

! Undefined control sequence.
\grffile@org@Ginclude@graphics ...er {\@curr@file 
                                                  }}\expandafter \filename@p...
l.347 ...ics[width=25.58in]{fig/add_packages_opal}
                                                  
The control sequence at the end of the top line
of your error message was never \def'ed. If you have
misspelled it (e.g., `\hobx'), type `I' and the correct
spelling (e.g., `I\hbox'). Otherwise just continue,
and I'll forget about whatever was undefined.

! Undefined control sequence.
<recently read> \unquote@name 
                              
l.347 ...ics[width=25.58in]{fig/add_packages_opal}
                                                  
The control sequence at the end of the top line
of your error message was never \def'ed. If you have
misspelled it (e.g., `\hobx'), type `I' and the correct
spelling (e.g., `I\hbox'). Otherwise just continue,
and I'll forget about whatever was undefined.

! Undefined control sequence.
<recently read> \quote@name 
                            
l.347 ...ics[width=25.58in]{fig/add_packages_opal}
                                                  
The control sequence at the end of the top line
of your error message was never \def'ed. If you have
misspelled it (e.g., `\hobx'), type `I' and the correct
spelling (e.g., `I\hbox'). Otherwise just continue,
and I'll forget about whatever was undefined.

! Undefined control sequence.
<recently read> \quote@name 
                            
l.347 ...ics[width=25.58in]{fig/add_packages_opal}
                                                  
The control sequence at the end of the top line
of your error message was never \def'ed. If you have
misspelled it (e.g., `\hobx'), type `I' and the correct
spelling (e.g., `I\hbox'). Otherwise just continue,
and I'll forget about whatever was undefined.


! LaTeX Error: File `fig/add_packages_opal' not found.

See the LaTeX manual or LaTeX Companion for explanation.
Type  H <return>  for immediate help.
 ...                                              
                                                  
l.347 ...ics[width=25.58in]{fig/add_packages_opal}
                                                  
I could not locate the file with any of these extensions:
.pdf,.png,.jpg,.mps,.jpeg,.jbig2,.jb2,.PDF,.PNG,.JPG,.JPEG,.JBIG2,.JB2,.eps
Try typing  <return>  to proceed.
If that doesn't work, type  X <return>  to quit.

! Missing $ inserted.
<inserted text> 
                $
l.347 ...ics[width=25.58in]{fig/add_packages_opal}
                                                  
I've inserted something that you may have forgotten.
(See the <inserted text> above.)
With luck, this will get me unwedged. But if you
really didn't forget anything, try typing `2' now; then
my insertion and my current dilemma will both disappear.

! Missing } inserted.
<inserted text> 
                }
l.347 ...ics[width=25.58in]{fig/add_packages_opal}
                                                  
I've inserted something that you may have forgotten.
(See the <inserted text> above.)
With luck, this will get me unwedged. But if you
really didn't forget anything, try typing `2' now; then
my insertion and my current dilemma will both disappear.

! Undefined control sequence.
\grffile@org@Ginclude@graphics ... \set@curr@file 
                                                  {#1}\edef \uq@curr@file {\...
l.359 ...h=0.9\linewidth]{fig/add_packages_opal_2}
                                                  
The control sequence at the end of the top line
of your error message was never \def'ed. If you have
misspelled it (e.g., `\hobx'), type `I' and the correct
spelling (e.g., `I\hbox'). Otherwise just continue,
and I'll forget about whatever was undefined.

! Missing $ inserted.
<inserted text> 
                $
l.359 ...h=0.9\linewidth]{fig/add_packages_opal_2}
                                                  
I've inserted a begin-math/end-math symbol since I think
you left one out. Proceed, with fingers crossed.

! Extra }, or forgotten $.
\grffile@org@Ginclude@graphics ...t@curr@file {#1}
                                                  \edef \uq@curr@file {\expa...
l.359 ...h=0.9\linewidth]{fig/add_packages_opal_2}
                                                  
I've deleted a group-closing symbol because it seems to be
spurious, as in `$x}$'. But perhaps the } is legitimate and
you forgot something else, as in `\hbox{$x}'. In such cases
the way to recover is to insert both the forgotten and the
deleted material, e.g., by typing `I$}'.

! Undefined control sequence.
\grffile@org@Ginclude@graphics ...er {\@curr@file 
                                                  }}\expandafter \filename@p...
l.359 ...h=0.9\linewidth]{fig/add_packages_opal_2}
                                                  
The control sequence at the end of the top line
of your error message was never \def'ed. If you have
misspelled it (e.g., `\hobx'), type `I' and the correct
spelling (e.g., `I\hbox'). Otherwise just continue,
and I'll forget about whatever was undefined.

! Undefined control sequence.
<recently read> \unquote@name 
                              
l.359 ...h=0.9\linewidth]{fig/add_packages_opal_2}
                                                  
The control sequence at the end of the top line
of your error message was never \def'ed. If you have
misspelled it (e.g., `\hobx'), type `I' and the correct
spelling (e.g., `I\hbox'). Otherwise just continue,
and I'll forget about whatever was undefined.

! Undefined control sequence.
<recently read> \quote@name 
                            
l.359 ...h=0.9\linewidth]{fig/add_packages_opal_2}
                                                  
The control sequence at the end of the top line
of your error message was never \def'ed. If you have
misspelled it (e.g., `\hobx'), type `I' and the correct
spelling (e.g., `I\hbox'). Otherwise just continue,
and I'll forget about whatever was undefined.

! Undefined control sequence.
<recently read> \quote@name 
                            
l.359 ...h=0.9\linewidth]{fig/add_packages_opal_2}
                                                  
The control sequence at the end of the top line
of your error message was never \def'ed. If you have
misspelled it (e.g., `\hobx'), type `I' and the correct
spelling (e.g., `I\hbox'). Otherwise just continue,
and I'll forget about whatever was undefined.


! LaTeX Error: File `fig/add_packages_opal_2' not found.

See the LaTeX manual or LaTeX Companion for explanation.
Type  H <return>  for immediate help.
 ...                                              
                                                  
l.359 ...h=0.9\linewidth]{fig/add_packages_opal_2}
                                                  
I could not locate the file with any of these extensions:
.pdf,.png,.jpg,.mps,.jpeg,.jbig2,.jb2,.PDF,.PNG,.JPG,.JPEG,.JBIG2,.JB2,.eps
Try typing  <return>  to proceed.
If that doesn't work, type  X <return>  to quit.

! Missing $ inserted.
<inserted text> 
                $
l.359 ...h=0.9\linewidth]{fig/add_packages_opal_2}
                                                  
I've inserted something that you may have forgotten.
(See the <inserted text> above.)
With luck, this will get me unwedged. But if you
really didn't forget anything, try typing `2' now; then
my insertion and my current dilemma will both disappear.

! Missing } inserted.
<inserted text> 
                }
l.359 ...h=0.9\linewidth]{fig/add_packages_opal_2}
                                                  
I've inserted something that you may have forgotten.
(See the <inserted text> above.)
With luck, this will get me unwedged. But if you
really didn't forget anything, try typing `2' now; then
my insertion and my current dilemma will both disappear.

[3]
LaTeX Font Info:    Try loading font information for TS1+lmr on input line 388.


("C:\Users\jrgonzalez\AppData\Local\Programs\MiKTeX 2.9\tex/latex/lm\ts1lmr.fd"
File: ts1lmr.fd 2009/10/30 v1.6 Font defs for Latin Modern
)

LaTeX Warning: Reference `fig:opalOmic' on page 4 undefined on input line 415.

! Undefined control sequence.
\grffile@org@Ginclude@graphics ... \set@curr@file 
                                                  {#1}\edef \uq@curr@file {\...
l.426 ...raphics[width=1\linewidth]{fig/dsOmics_A}
                                                  
The control sequence at the end of the top line
of your error message was never \def'ed. If you have
misspelled it (e.g., `\hobx'), type `I' and the correct
spelling (e.g., `I\hbox'). Otherwise just continue,
and I'll forget about whatever was undefined.

! Missing $ inserted.
<inserted text> 
                $
l.426 ...raphics[width=1\linewidth]{fig/dsOmics_A}
                                                  
I've inserted a begin-math/end-math symbol since I think
you left one out. Proceed, with fingers crossed.

! Extra }, or forgotten $.
\grffile@org@Ginclude@graphics ...t@curr@file {#1}
                                                  \edef \uq@curr@file {\expa...
l.426 ...raphics[width=1\linewidth]{fig/dsOmics_A}
                                                  
I've deleted a group-closing symbol because it seems to be
spurious, as in `$x}$'. But perhaps the } is legitimate and
you forgot something else, as in `\hbox{$x}'. In such cases
the way to recover is to insert both the forgotten and the
deleted material, e.g., by typing `I$}'.

! Undefined control sequence.
\grffile@org@Ginclude@graphics ...er {\@curr@file 
                                                  }}\expandafter \filename@p...
l.426 ...raphics[width=1\linewidth]{fig/dsOmics_A}
                                                  
The control sequence at the end of the top line
of your error message was never \def'ed. If you have
misspelled it (e.g., `\hobx'), type `I' and the correct
spelling (e.g., `I\hbox'). Otherwise just continue,
and I'll forget about whatever was undefined.

! Undefined control sequence.
<recently read> \unquote@name 
                              
l.426 ...raphics[width=1\linewidth]{fig/dsOmics_A}
                                                  
The control sequence at the end of the top line
of your error message was never \def'ed. If you have
misspelled it (e.g., `\hobx'), type `I' and the correct
spelling (e.g., `I\hbox'). Otherwise just continue,
and I'll forget about whatever was undefined.

! Undefined control sequence.
<recently read> \quote@name 
                            
l.426 ...raphics[width=1\linewidth]{fig/dsOmics_A}
                                                  
The control sequence at the end of the top line
of your error message was never \def'ed. If you have
misspelled it (e.g., `\hobx'), type `I' and the correct
spelling (e.g., `I\hbox'). Otherwise just continue,
and I'll forget about whatever was undefined.

! Undefined control sequence.
<recently read> \quote@name 
                            
l.426 ...raphics[width=1\linewidth]{fig/dsOmics_A}
                                                  
The control sequence at the end of the top line
of your error message was never \def'ed. If you have
misspelled it (e.g., `\hobx'), type `I' and the correct
spelling (e.g., `I\hbox'). Otherwise just continue,
and I'll forget about whatever was undefined.


! LaTeX Error: File `fig/dsOmics_A' not found.

See the LaTeX manual or LaTeX Companion for explanation.
Type  H <return>  for immediate help.
 ...                                              
                                                  
l.426 ...raphics[width=1\linewidth]{fig/dsOmics_A}
                                                  
I could not locate the file with any of these extensions:
.pdf,.png,.jpg,.mps,.jpeg,.jbig2,.jb2,.PDF,.PNG,.JPG,.JPEG,.JBIG2,.JB2,.eps
Try typing  <return>  to proceed.
If that doesn't work, type  X <return>  to quit.

! Missing $ inserted.
<inserted text> 
                $
l.426 ...raphics[width=1\linewidth]{fig/dsOmics_A}
                                                  
I've inserted something that you may have forgotten.
(See the <inserted text> above.)
With luck, this will get me unwedged. But if you
really didn't forget anything, try typing `2' now; then
my insertion and my current dilemma will both disappear.

! Missing } inserted.
<inserted text> 
                }
l.426 ...raphics[width=1\linewidth]{fig/dsOmics_A}
                                                  
I've inserted something that you may have forgotten.
(See the <inserted text> above.)
With luck, this will get me unwedged. But if you
really didn't forget anything, try typing `2' now; then
my insertion and my current dilemma will both disappear.


LaTeX Warning: Reference `fig:omicAnal1' on page 4 undefined on input line 436.



LaTeX Warning: Reference `fig:omicAnal2' on page 4 undefined on input line 449.



LaTeX Warning: Reference `fig:omicAnal1' on page 4 undefined on input line 468.


[4]
! Undefined control sequence.
\grffile@org@Ginclude@graphics ... \set@curr@file 
                                                  {#1}\edef \uq@curr@file {\...
l.481 ...raphics[width=1\linewidth]{fig/dsOmics_B}
                                                  
The control sequence at the end of the top line
of your error message was never \def'ed. If you have
misspelled it (e.g., `\hobx'), type `I' and the correct
spelling (e.g., `I\hbox'). Otherwise just continue,
and I'll forget about whatever was undefined.

! Missing $ inserted.
<inserted text> 
                $
l.481 ...raphics[width=1\linewidth]{fig/dsOmics_B}
                                                  
I've inserted a begin-math/end-math symbol since I think
you left one out. Proceed, with fingers crossed.

! Extra }, or forgotten $.
\grffile@org@Ginclude@graphics ...t@curr@file {#1}
                                                  \edef \uq@curr@file {\expa...
l.481 ...raphics[width=1\linewidth]{fig/dsOmics_B}
                                                  
I've deleted a group-closing symbol because it seems to be
spurious, as in `$x}$'. But perhaps the } is legitimate and
you forgot something else, as in `\hbox{$x}'. In such cases
the way to recover is to insert both the forgotten and the
deleted material, e.g., by typing `I$}'.

! Undefined control sequence.
\grffile@org@Ginclude@graphics ...er {\@curr@file 
                                                  }}\expandafter \filename@p...
l.481 ...raphics[width=1\linewidth]{fig/dsOmics_B}
                                                  
The control sequence at the end of the top line
of your error message was never \def'ed. If you have
misspelled it (e.g., `\hobx'), type `I' and the correct
spelling (e.g., `I\hbox'). Otherwise just continue,
and I'll forget about whatever was undefined.

! Undefined control sequence.
<recently read> \unquote@name 
                              
l.481 ...raphics[width=1\linewidth]{fig/dsOmics_B}
                                                  
The control sequence at the end of the top line
of your error message was never \def'ed. If you have
misspelled it (e.g., `\hobx'), type `I' and the correct
spelling (e.g., `I\hbox'). Otherwise just continue,
and I'll forget about whatever was undefined.

! Undefined control sequence.
<recently read> \quote@name 
                            
l.481 ...raphics[width=1\linewidth]{fig/dsOmics_B}
                                                  
The control sequence at the end of the top line
of your error message was never \def'ed. If you have
misspelled it (e.g., `\hobx'), type `I' and the correct
spelling (e.g., `I\hbox'). Otherwise just continue,
and I'll forget about whatever was undefined.

! Undefined control sequence.
<recently read> \quote@name 
                            
l.481 ...raphics[width=1\linewidth]{fig/dsOmics_B}
                                                  
The control sequence at the end of the top line
of your error message was never \def'ed. If you have
misspelled it (e.g., `\hobx'), type `I' and the correct
spelling (e.g., `I\hbox'). Otherwise just continue,
and I'll forget about whatever was undefined.


! LaTeX Error: File `fig/dsOmics_B' not found.

See the LaTeX manual or LaTeX Companion for explanation.
Type  H <return>  for immediate help.
 ...                                              
                                                  
l.481 ...raphics[width=1\linewidth]{fig/dsOmics_B}
                                                  
I could not locate the file with any of these extensions:
.pdf,.png,.jpg,.mps,.jpeg,.jbig2,.jb2,.PDF,.PNG,.JPG,.JPEG,.JBIG2,.JB2,.eps
Try typing  <return>  to proceed.
If that doesn't work, type  X <return>  to quit.

! Missing $ inserted.
<inserted text> 
                $
l.481 ...raphics[width=1\linewidth]{fig/dsOmics_B}
                                                  
I've inserted something that you may have forgotten.
(See the <inserted text> above.)
With luck, this will get me unwedged. But if you
really didn't forget anything, try typing `2' now; then
my insertion and my current dilemma will both disappear.

! Missing } inserted.
<inserted text> 
                }
l.481 ...raphics[width=1\linewidth]{fig/dsOmics_B}
                                                  
I've inserted something that you may have forgotten.
(See the <inserted text> above.)
With luck, this will get me unwedged. But if you
really didn't forget anything, try typing `2' now; then
my insertion and my current dilemma will both disappear.


LaTeX Warning: Reference `fig:omicAnal2' on page 5 undefined on input line 491.


! Undefined control sequence.
\grffile@org@Ginclude@graphics ... \set@curr@file 
                                                  {#1}\edef \uq@curr@file {\...
l.500 ...aphics[width=10\linewidth]{fig/dsOmics_C}
                                                  
The control sequence at the end of the top line
of your error message was never \def'ed. If you have
misspelled it (e.g., `\hobx'), type `I' and the correct
spelling (e.g., `I\hbox'). Otherwise just continue,
and I'll forget about whatever was undefined.

! Missing $ inserted.
<inserted text> 
                $
l.500 ...aphics[width=10\linewidth]{fig/dsOmics_C}
                                                  
I've inserted a begin-math/end-math symbol since I think
you left one out. Proceed, with fingers crossed.

! Extra }, or forgotten $.
\grffile@org@Ginclude@graphics ...t@curr@file {#1}
                                                  \edef \uq@curr@file {\expa...
l.500 ...aphics[width=10\linewidth]{fig/dsOmics_C}
                                                  
I've deleted a group-closing symbol because it seems to be
spurious, as in `$x}$'. But perhaps the } is legitimate and
you forgot something else, as in `\hbox{$x}'. In such cases
the way to recover is to insert both the forgotten and the
deleted material, e.g., by typing `I$}'.

! Undefined control sequence.
\grffile@org@Ginclude@graphics ...er {\@curr@file 
                                                  }}\expandafter \filename@p...
l.500 ...aphics[width=10\linewidth]{fig/dsOmics_C}
                                                  
The control sequence at the end of the top line
of your error message was never \def'ed. If you have
misspelled it (e.g., `\hobx'), type `I' and the correct
spelling (e.g., `I\hbox'). Otherwise just continue,
and I'll forget about whatever was undefined.

! Undefined control sequence.
<recently read> \unquote@name 
                              
l.500 ...aphics[width=10\linewidth]{fig/dsOmics_C}
                                                  
The control sequence at the end of the top line
of your error message was never \def'ed. If you have
misspelled it (e.g., `\hobx'), type `I' and the correct
spelling (e.g., `I\hbox'). Otherwise just continue,
and I'll forget about whatever was undefined.

! Undefined control sequence.
<recently read> \quote@name 
                            
l.500 ...aphics[width=10\linewidth]{fig/dsOmics_C}
                                                  
The control sequence at the end of the top line
of your error message was never \def'ed. If you have
misspelled it (e.g., `\hobx'), type `I' and the correct
spelling (e.g., `I\hbox'). Otherwise just continue,
and I'll forget about whatever was undefined.

! Undefined control sequence.
<recently read> \quote@name 
                            
l.500 ...aphics[width=10\linewidth]{fig/dsOmics_C}
                                                  
The control sequence at the end of the top line
of your error message was never \def'ed. If you have
misspelled it (e.g., `\hobx'), type `I' and the correct
spelling (e.g., `I\hbox'). Otherwise just continue,
and I'll forget about whatever was undefined.


! LaTeX Error: File `fig/dsOmics_C' not found.

See the LaTeX manual or LaTeX Companion for explanation.
Type  H <return>  for immediate help.
 ...                                              
                                                  
l.500 ...aphics[width=10\linewidth]{fig/dsOmics_C}
                                                  
I could not locate the file with any of these extensions:
.pdf,.png,.jpg,.mps,.jpeg,.jbig2,.jb2,.PDF,.PNG,.JPG,.JPEG,.JBIG2,.JB2,.eps
Try typing  <return>  to proceed.
If that doesn't work, type  X <return>  to quit.

! Missing $ inserted.
<inserted text> 
                $
l.500 ...aphics[width=10\linewidth]{fig/dsOmics_C}
                                                  
I've inserted something that you may have forgotten.
(See the <inserted text> above.)
With luck, this will get me unwedged. But if you
really didn't forget anything, try typing `2' now; then
my insertion and my current dilemma will both disappear.

! Missing } inserted.
<inserted text> 
                }
l.500 ...aphics[width=10\linewidth]{fig/dsOmics_C}
                                                  
I've inserted something that you may have forgotten.
(See the <inserted text> above.)
With luck, this will get me unwedged. But if you
really didn't forget anything, try typing `2' now; then
my insertion and my current dilemma will both disappear.


LaTeX Warning: Reference `fig:testResources' on page 5 undefined on input line 
518.

[5]
LaTeX Font Info:    Try loading font information for TS1+lmtt on input line 658
.

("C:\Users\jrgonzalez\AppData\Local\Programs\MiKTeX 2.9\tex/latex/lm\ts1lmtt.fd
"
File: ts1lmtt.fd 2009/10/30 v1.6 Font defs for Latin Modern
) [6] [7] [8] [9]
Underfull \hbox (badness 10000) in paragraph at lines 882--886
[]\T1/lmtt/m/n/10 This method can be very time consiming since the function rep
eteadly calls the DataSHIELD
 []


Underfull \hbox (badness 10000) in paragraph at lines 882--886
\T1/lmtt/m/n/10 function ds.glm(). We can adopt another strategy that is to run
 a glm of each feature
 []

[10]
Overfull \hbox (2.7436pt too wide) in paragraph at lines 940--947
\T1/lmtt/m/n/10 The vast majority of studies on DNA methylation are based on bl
ood samples. This required
 []


Underfull \hbox (badness 10000) in paragraph at lines 940--947
\T1/lmtt/m/n/10 to adjust for variability in cell-type mixture proportions. The
re are several method
 []


Underfull \hbox (badness 10000) in paragraph at lines 940--947
\T1/lmtt/m/n/10 to address this issue. Here we adopt the methods proposed in th
e meffill package by
 []


Underfull \hbox (badness 10000) in paragraph at lines 940--947
\T1/lmtt/m/n/10 using meffil.estimate.cell.counts.from.betas() function. dsOmic
sClient can fit a model
 []


Overfull \hbox (343.99261pt too wide) in paragraph at lines 968--968
[]\T1/lmtt/m/n/10 Error in ds.lmFeature(feature = "cg07363416", model = casecon
 ~ Sex, eSet = "methy", : There is any problem with cell-type estimation in at 
least one study[] 
 []


Underfull \hbox (badness 10000) in paragraph at lines 974--980
\T1/lmtt/m/n/10 The vast majority of omic studies required to control for unwan
ted variability. The
 []


Overfull \hbox (18.49356pt too wide) in paragraph at lines 974--980
\T1/lmtt/m/n/10 surrogate variable analysis (SVA) can address this issue by est
imating some hidden covariates
 []


Underfull \hbox (badness 10000) in paragraph at lines 974--980
\T1/lmtt/m/n/10 that capture differences across individuals due to some artifac
ts such as batch effects
 []


Overfull \hbox (13.24358pt too wide) in paragraph at lines 981--990
[]\T1/lmtt/m/n/10 Performing this type of analysis using ds.lmFeature function 
is not allowed since estimating
 []


Overfull \hbox (7.99359pt too wide) in paragraph at lines 981--990
\T1/lmtt/m/n/10 SVA would require to implement a non-disclosive method that com
putes SVA from the different
 []


Overfull \hbox (18.49356pt too wide) in paragraph at lines 981--990
\T1/lmtt/m/n/10 servers. This will be a future topic of dsOmicsClient. NOTE tha
t, estimating SVA separately
 []


Underfull \hbox (badness 10000) in paragraph at lines 981--990
\T1/lmtt/m/n/10 at each server would not be a good idea since the aim of SVA is
 to capture differences
 []


Underfull \hbox (badness 10000) in paragraph at lines 981--990
\T1/lmtt/m/n/10 mainly due to experiemental issues amogn ALL individuals. What 
we can do instead is to
 []


Underfull \hbox (badness 10000) in paragraph at lines 981--990
\T1/lmtt/m/n/10 use ds.limma and perform the analyses adjusted for SVA at each 
study. Then, data can be
 []


Overfull \hbox (643.24174pt too wide) in paragraph at lines 1002--1002
[]\T1/lmtt/m/n/10 Error: Command \TS1/lmtt/m/n/10 '\T1/lmtt/m/n/10 limmaDS(meth
y,"casecon","Sex",1,TRUE,NULL)\TS1/lmtt/m/n/10 ' \T1/lmtt/m/n/10 failed on \TS1
/lmtt/m/n/10 '\T1/lmtt/m/n/10 study2\TS1/lmtt/m/n/10 '\T1/lmtt/m/n/10 : Error w
hile evaluating \TS1/lmtt/m/n/10 '\T1/lmtt/m/n/10 dsOmics::limmaDS(methy, "case
con", "Sex", 1, TRUE, NULL)\TS1/lmtt/m/n/10 ' \T1/lmtt/m/n/10 -> Error in do.ca
ll(.Call, args = dot_call_args) :[] 
 []

[11]
Underfull \hbox (badness 10000) in paragraph at lines 1016--1024
\T1/lmtt/m/n/10 The analysis of gene expression can also be performed using []\
T1/lmtt/m/it/10 limma[] \T1/lmtt/m/n/10 package. In that case,
 []


Underfull \hbox (badness 10000) in paragraph at lines 1016--1024
\T1/lmtt/m/n/10 it is not recommended to use the function ds.lmFeature since ge
ne expression can have
 []


Underfull \hbox (badness 10000) in paragraph at lines 1016--1024
\T1/lmtt/m/n/10 different range of values accross studies (this is different fr
om methylation where CpG
 []


Underfull \hbox (badness 10000) in paragraph at lines 1016--1024
\T1/lmtt/m/n/10 data is measured in the range 0-1). However, if data of each st
udy have been harmonized
 []


Overfull \hbox (13.24358pt too wide) in paragraph at lines 1016--1024
\T1/lmtt/m/n/10 this function can also be used to get results as if it had been
 used a pooled data analysis. 
 []


Underfull \hbox (badness 10000) in paragraph at lines 1025--1036
[]\T1/lmtt/m/n/10 Let us illustrate how to perform transcriptomic data analysis
 from []TCGA project[]. We have
 []


Underfull \hbox (badness 10000) in paragraph at lines 1025--1036
\T1/lmtt/m/n/10 uploaded to the opal server a resource called tcga_liver whose 
URL is []$http : / / duffel . rail .
 []


Underfull \hbox (badness 10000) in paragraph at lines 1025--1036
\T1/lmtt/m/n/10 bio / recount / TCGA / rse _ gene _ liver . Rdata$[] which is a
vailable through the []recount project[].
 []


Underfull \hbox (badness 10000) in paragraph at lines 1025--1036
\T1/lmtt/m/n/10 This resource contains the RangeSummarizedExperiment with the R
NAseq profiling of liver
 []


Underfull \hbox (badness 10000) in paragraph at lines 1025--1036
\T1/lmtt/m/n/10 cancer data from TCGA. Next, we illustrate how a differential e
xpression analysis to
 []


Underfull \hbox (badness 10000) in paragraph at lines 1053--1057
[]\T1/lmtt/m/n/10 Then, let us coerce the resource to a RangedSummarizedExperim
ent which is the type of
 []


Underfull \hbox (badness 10000) in paragraph at lines 1089--1091
[]\T1/lmtt/m/n/10 And the names of the features using the same function used in
 the case of analyzing an
 []

[12]
Overfull \hbox (2.7436pt too wide) in paragraph at lines 1168--1174
[]\T1/lmtt/m/n/10 Notice that in that case we have set type.data=\TS1/lmtt/m/n/
10 '\T1/lmtt/m/n/10 RNAseq\TS1/lmtt/m/n/10 ' \T1/lmtt/m/n/10 since our data are
 counts obtained
 []


Underfull \hbox (badness 10000) in paragraph at lines 1168--1174
\T1/lmtt/m/n/10 from a NGS experiment. By indicating so, the differential analy
sis is performed by using
 []

[13]
Underfull \hbox (badness 10000) in paragraph at lines 1190--1200
\T1/lmtt/m/n/10 Genomic data can be stored in different formats. []PLINK[] and 
[]VCF[] files are commonly used
 []


Overfull \hbox (7.99359pt too wide) in paragraph at lines 1190--1200
\T1/lmtt/m/n/10 in genetic epidemiology studies. In order to deal with this typ
e of data, we have extended
 []


Underfull \hbox (badness 10000) in paragraph at lines 1190--1200
\T1/lmtt/m/n/10 the resources available at the []\T1/lmtt/m/it/10 resourcer[] \
T1/lmtt/m/n/10 package to VCF files. \T1/lmtt/b/n/10 NOTE\T1/lmtt/m/n/10 : PLIN
K files can be
 []


Underfull \hbox (badness 10000) in paragraph at lines 1190--1200
\T1/lmtt/m/n/10 translated into VCF files using different pipelines. In R you c
an use []\T1/lmtt/m/it/10 SeqArray[] \T1/lmtt/m/n/10 to get
 []


Underfull \hbox (badness 10000) in paragraph at lines 1201--1212
[]\T1/lmtt/m/n/10 We use the Genomic Data Storage (GDS) format which efficientl
y manage VCF files into the
 []


Underfull \hbox (badness 10000) in paragraph at lines 1201--1212
\T1/lmtt/m/n/10 R environment. This extension requires to create a Client and a
 Resolver function that
 []


Underfull \hbox (badness 10000) in paragraph at lines 1201--1212
\T1/lmtt/m/n/10 are located into the []\T1/lmtt/m/it/10 dsOmics[] \T1/lmtt/m/n/
10 package. The client function uses snpgdsVCF2GDS function
 []


Underfull \hbox (badness 10000) in paragraph at lines 1201--1212
\T1/lmtt/m/n/10 implemented in []\T1/lmtt/m/it/10 SNPrelate[] \T1/lmtt/m/n/10 t
o coerce the VCF file to a GDS object. Then the GDS object
 []


Underfull \hbox (badness 10000) in paragraph at lines 1201--1212
\T1/lmtt/m/n/10 is loaded into R as an object of class GdsGenotypeReader from [
]\T1/lmtt/m/it/10 GWASTools[] \T1/lmtt/m/n/10 package that
 []


Underfull \hbox (badness 10000) in paragraph at lines 1213--1215
[]\T1/lmtt/m/n/10 The opal API server allows to incorporte this new type of res
ource as illustrated in the
 []

! Undefined control sequence.
\grffile@org@Ginclude@graphics ... \set@curr@file 
                                                  {#1}\edef \uq@curr@file {\...
l.1218 ...idth=1\linewidth]{fig/opal_resource_VCF}
                                                  
The control sequence at the end of the top line
of your error message was never \def'ed. If you have
misspelled it (e.g., `\hobx'), type `I' and the correct
spelling (e.g., `I\hbox'). Otherwise just continue,
and I'll forget about whatever was undefined.

! Missing $ inserted.
<inserted text> 
                $
l.1218 ...idth=1\linewidth]{fig/opal_resource_VCF}
                                                  
I've inserted a begin-math/end-math symbol since I think
you left one out. Proceed, with fingers crossed.

! Extra }, or forgotten $.
\grffile@org@Ginclude@graphics ...t@curr@file {#1}
                                                  \edef \uq@curr@file {\expa...
l.1218 ...idth=1\linewidth]{fig/opal_resource_VCF}
                                                  
I've deleted a group-closing symbol because it seems to be
spurious, as in `$x}$'. But perhaps the } is legitimate and
you forgot something else, as in `\hbox{$x}'. In such cases
the way to recover is to insert both the forgotten and the
deleted material, e.g., by typing `I$}'.

! Undefined control sequence.
\grffile@org@Ginclude@graphics ...er {\@curr@file 
                                                  }}\expandafter \filename@p...
l.1218 ...idth=1\linewidth]{fig/opal_resource_VCF}
                                                  
The control sequence at the end of the top line
of your error message was never \def'ed. If you have
misspelled it (e.g., `\hobx'), type `I' and the correct
spelling (e.g., `I\hbox'). Otherwise just continue,
and I'll forget about whatever was undefined.

! Undefined control sequence.
<recently read> \unquote@name 
                              
l.1218 ...idth=1\linewidth]{fig/opal_resource_VCF}
                                                  
The control sequence at the end of the top line
of your error message was never \def'ed. If you have
misspelled it (e.g., `\hobx'), type `I' and the correct
spelling (e.g., `I\hbox'). Otherwise just continue,
and I'll forget about whatever was undefined.

! Undefined control sequence.
<recently read> \quote@name 
                            
l.1218 ...idth=1\linewidth]{fig/opal_resource_VCF}
                                                  
The control sequence at the end of the top line
of your error message was never \def'ed. If you have
misspelled it (e.g., `\hobx'), type `I' and the correct
spelling (e.g., `I\hbox'). Otherwise just continue,
and I'll forget about whatever was undefined.

! Undefined control sequence.
<recently read> \quote@name 
                            
l.1218 ...idth=1\linewidth]{fig/opal_resource_VCF}
                                                  
The control sequence at the end of the top line
of your error message was never \def'ed. If you have
misspelled it (e.g., `\hobx'), type `I' and the correct
spelling (e.g., `I\hbox'). Otherwise just continue,
and I'll forget about whatever was undefined.


! LaTeX Error: File `fig/opal_resource_VCF' not found.

See the LaTeX manual or LaTeX Companion for explanation.
Type  H <return>  for immediate help.
 ...                                              
                                                  
l.1218 ...idth=1\linewidth]{fig/opal_resource_VCF}
                                                  
I could not locate the file with any of these extensions:
.pdf,.png,.jpg,.mps,.jpeg,.jbig2,.jb2,.PDF,.PNG,.JPG,.JPEG,.JBIG2,.JB2,.eps
Try typing  <return>  to proceed.
If that doesn't work, type  X <return>  to quit.

! Missing $ inserted.
<inserted text> 
                $
l.1218 ...idth=1\linewidth]{fig/opal_resource_VCF}
                                                  
I've inserted something that you may have forgotten.
(See the <inserted text> above.)
With luck, this will get me unwedged. But if you
really didn't forget anything, try typing `2' now; then
my insertion and my current dilemma will both disappear.

! Missing } inserted.
<inserted text> 
                }
l.1218 ...idth=1\linewidth]{fig/opal_resource_VCF}
                                                  
I've inserted something that you may have forgotten.
(See the <inserted text> above.)
With luck, this will get me unwedged. But if you
really didn't forget anything, try typing `2' now; then
my insertion and my current dilemma will both disappear.


Overfull \hbox (55.24345pt too wide) in paragraph at lines 1225--1229
[]\T1/lmtt/m/n/10 It is important to notice that the URL should contain the tag
 method=biallelic.only&snpfirstdim=TRUE
 []


Overfull \hbox (212.743pt too wide) in paragraph at lines 1232--1232
[]\T1/lmtt/m/n/10 https://raw.githubusercontent.com/isglobal-brge/scoreInvHap/m
aster/inst/extdata/example.vcf?method=biallelic.only&snpfirstdim=TRUE[] 
 []


Overfull \hbox (2.7436pt too wide) in paragraph at lines 1234--1238
[]\T1/lmtt/m/n/10 In that case we indicate that only biallelic SNPs are conside
red (`method=biallelic.only')
 []


Underfull \hbox (badness 10000) in paragraph at lines 1234--1238
\T1/lmtt/m/n/10 and that genotypes are stored in the individual-major mode, (i.
e, list all SNPs for the
 []


Overfull \hbox (23.74355pt too wide) in paragraph at lines 1234--1238
\T1/lmtt/m/n/10 first individual, and then list all SNPs for the second individ
ual, etc) (`snpfirstdim=TRUE'). 
 []


Underfull \hbox (badness 10000) in paragraph at lines 1260--1264
[]\T1/lmtt/m/n/10 In this case we have to assign to different resources. One fo
r the VCF (obesity_vcf) and
 []


Overfull \hbox (7.99359pt too wide) in paragraph at lines 1260--1264
\T1/lmtt/m/n/10 another one for the phenotypic data (obesity). To this end, the
 datashield.assign.resource
 []

[14]
Overfull \hbox (18.49356pt too wide) in paragraph at lines 1293--1296
[]\T1/lmtt/m/n/10 We can use []\T1/lmtt/m/it/10 dsBaseClient[] \T1/lmtt/m/n/10 
functions to inspect the variables that are in the covars data.frame.
 []


Underfull \hbox (badness 10000) in paragraph at lines 1334--1342
[]\T1/lmtt/m/n/10 Then, an object of class GenotypeData must be created at the 
server side to perform
 []


Underfull \hbox (badness 10000) in paragraph at lines 1334--1342
\T1/lmtt/m/n/10 genetic data analyses. This is a container defined in the []\T1
/lmtt/m/it/10 GWASTools[] \T1/lmtt/m/n/10 package for storing
 []


Underfull \hbox (badness 10000) in paragraph at lines 1334--1342
\T1/lmtt/m/n/10 genotype and phenotypic data from genetic association studies. 
By doing that we will
 []


Underfull \hbox (badness 10000) in paragraph at lines 1334--1342
\T1/lmtt/m/n/10 also verify whether individuals in the GDS (e.g VCF) and covari
ates files have the same
 []

[15]
Underfull \hbox (badness 10000) in paragraph at lines 1372--1385
[]\T1/lmtt/m/n/10 The analysis of all available SNPs is performed when the argu
ment snps.fit is missing.
 []


Underfull \hbox (badness 10000) in paragraph at lines 1372--1385
\T1/lmtt/m/n/10 The function perform the analysis of the selected SNPs in a sin
gle repository or in
 []


Underfull \hbox (badness 10000) in paragraph at lines 1372--1385
\T1/lmtt/m/n/10 multiple repositories as peforming pooled analyses (it uses ds.
glm DataSHIELD function).
 []


Underfull \hbox (badness 10000) in paragraph at lines 1372--1385
\T1/lmtt/m/n/10 As in the case of transcriptomic data, analyzing all the SNPs i
n the genome (e.g GWAS)
 []


Underfull \hbox (badness 10000) in paragraph at lines 1372--1385
\T1/lmtt/m/n/10 will be high time-consuming. We can apopt a similar approach as
 the one adopted using
 []


Overfull \hbox (2.7436pt too wide) in paragraph at lines 1372--1385
[]\T1/lmtt/m/it/10 limma[] \T1/lmtt/m/n/10 at each server. That is, we run GWAS
 at each repository using specific and scalable
 []


Underfull \hbox (badness 10000) in paragraph at lines 1372--1385
\T1/lmtt/m/n/10 packages available in R/Bioc. In that case we use []\T1/lmtt/m/
it/10 GWASTools[] \T1/lmtt/m/n/10 and []\T1/lmtt/m/it/10 GENESIS[] \T1/lmtt/m/n
/10 packages. The
 []


Overfull \hbox (23.74355pt too wide) in paragraph at lines 1424--1427
\T1/lmtt/m/n/10 JRG want to thank Deroshan Padotan for having worked on a preli
minary version of dsOmicsClient
 []

Package atveryend Info: Empty hook `BeforeClearDocument' on input line 1434.
[16]
Package atveryend Info: Empty hook `AfterLastShipout' on input line 1434.
 (dsOmics.aux)
Package atveryend Info: Executing hook `AtVeryEndDocument' on input line 1434.
Package atveryend Info: Executing hook `AtEndAfterFileList' on input line 1434.



Package rerunfilecheck Warning: File `dsOmics.out' has changed.
(rerunfilecheck)                Rerun to get outlines right
(rerunfilecheck)                or use package `bookmark'.

Package rerunfilecheck Info: Checksums for `dsOmics.out':
(rerunfilecheck)             Before: <no file>
(rerunfilecheck)             After:  A51D0423BF63F840663A23581FCB2D2D;3858.

LaTeX Warning: There were undefined references.


LaTeX Warning: Label(s) may have changed. Rerun to get cross-references right.

Package atveryend Info: Empty hook `AtVeryVeryEnd' on input line 1434.
 ) 
Here is how much of TeX's memory you used:
 13032 strings out of 492895
 194632 string characters out of 3121400
 309117 words of memory out of 3000000
 16624 multiletter control sequences out of 15000+200000
 51679 words of font info for 87 fonts, out of 3000000 for 9000
 1141 hyphenation exceptions out of 8191
 32i,5n,38p,1015b,458s stack positions out of 5000i,500n,10000p,200000b,50000s
{C:/Users/jrgonzalez/AppData/Local/Programs/MiKTeX 2.9/fonts/enc/dvips/lm/lm-
ec.enc}{C:/Users/jrgonzalez/AppData/Local/Programs/MiKTeX 2.9/fonts/enc/dvips/l
m/lm-ts1.enc}{C:/Users/jrgonzalez/AppData/Local/Programs/MiKTeX 2.9/fonts/enc/d
vips/lm/lm-rm.enc}{C:/Users/jrgonzalez/AppData/Local/Programs/MiKTeX 2.9/fonts/
enc/dvips/lm/lm-mathit.enc}<C:/Users/jrgonzalez/AppData/Local/Programs/MiKTeX 2
.9/fonts/type1/public/lm/lmbx10.pfb><C:/Users/jrgonzalez/AppData/Local/Programs
/MiKTeX 2.9/fonts/type1/public/lm/lmbx12.pfb><C:/Users/jrgonzalez/AppData/Local
/Programs/MiKTeX 2.9/fonts/type1/public/lm/lmmi10.pfb><C:/Users/jrgonzalez/AppD
ata/Local/Programs/MiKTeX 2.9/fonts/type1/public/lm/lmmi7.pfb><C:/Users/jrgonza
lez/AppData/Local/Programs/MiKTeX 2.9/fonts/type1/public/lm/lmr10.pfb><C:/Users
/jrgonzalez/AppData/Local/Programs/MiKTeX 2.9/fonts/type1/public/lm/lmr17.pfb><
C:/Users/jrgonzalez/AppData/Local/Programs/MiKTeX 2.9/fonts/type1/public/lm/lmr
7.pfb><C:/Users/jrgonzalez/AppData/Local/Programs/MiKTeX 2.9/fonts/type1/public
/lm/lmri10.pfb><C:/Users/jrgonzalez/AppData/Local/Programs/MiKTeX 2.9/fonts/typ
e1/public/lm/lmri12.pfb><C:/Users/jrgonzalez/AppData/Local/Programs/MiKTeX 2.9/
fonts/type1/public/lm/lmtk10.pfb><C:/Users/jrgonzalez/AppData/Local/Programs/Mi
KTeX 2.9/fonts/type1/public/lm/lmtt10.pfb><C:/Users/jrgonzalez/AppData/Local/Pr
ograms/MiKTeX 2.9/fonts/type1/public/lm/lmtti10.pfb>
Output written on dsOmics.pdf (16 pages, 316762 bytes).
PDF statistics:
 233 PDF objects out of 1000 (max. 8388607)
 67 named destinations out of 1000 (max. 500000)
 10241 words of extra memory for PDF output out of 12000 (max. 10000000)

